<?xml version="1.0" encoding="UTF-8"?>
<robot generator="Robot 5.0.1 (Python 3.8.2 on darwin)" generated="20220715 11:40:40.779" rpa="false" schemaversion="3">
<suite id="s1" name="Htmlbyrobot" source="/Users/mithunroy/Documents/Robot_Training/TestScripts/htmlbyrobot.robot">
<test id="s1-t1" name="kubernetes_TestScenario_04" line="16">
<kw name="Launch_My_Browser" type="SETUP">
<kw name="Open Browser" library="SeleniumLibrary">
<arg>https://kubernetes.io/</arg>
<arg>Chrome</arg>
<doc>Opens a new browser instance to the optional ``url``.</doc>
<msg timestamp="20220715 11:40:41.412" level="INFO">Opening browser 'Chrome' to base url 'https://kubernetes.io/'.</msg>
<status status="PASS" starttime="20220715 11:40:41.411" endtime="20220715 11:40:49.241"/>
</kw>
<kw name="Maximize Browser Window" library="SeleniumLibrary">
<doc>Maximizes current browser window.</doc>
<status status="PASS" starttime="20220715 11:40:49.243" endtime="20220715 11:40:49.409"/>
</kw>
<kw name="Sleep" library="BuiltIn">
<arg>2</arg>
<doc>Pauses the test executed for the given time.</doc>
<msg timestamp="20220715 11:40:51.412" level="INFO">Slept 2 seconds</msg>
<status status="PASS" starttime="20220715 11:40:49.409" endtime="20220715 11:40:51.413"/>
</kw>
<status status="PASS" starttime="20220715 11:40:41.410" endtime="20220715 11:40:51.413"/>
</kw>
<kw name="CheckkubernetesLogo">
<kw name="Read XML" library="pom">
<var>${footerLinks}</var>
<arg>footerlinks</arg>
<msg timestamp="20220715 11:40:51.440" level="INFO">${footerLinks} = Home,Blog,Training,Partners,Community,Case Studies</msg>
<status status="PASS" starttime="20220715 11:40:51.414" endtime="20220715 11:40:51.441"/>
</kw>
<kw name="Set Global Variable" library="BuiltIn">
<arg>${footerLinks}</arg>
<doc>Makes a variable available globally in all tests and suites.</doc>
<msg timestamp="20220715 11:40:51.446" level="INFO">${footerLinks} = Home,Blog,Training,Partners,Community,Case Studies</msg>
<status status="PASS" starttime="20220715 11:40:51.445" endtime="20220715 11:40:51.446"/>
</kw>
<status status="PASS" starttime="20220715 11:40:51.413" endtime="20220715 11:40:51.447"/>
</kw>
<kw name="Click Element" library="SeleniumLibrary">
<arg>${Training_Link}</arg>
<doc>Click the element identified by ``locator``.</doc>
<msg timestamp="20220715 11:40:51.454" level="INFO">Clicking element '//ul/li[3]/a[text()='Training']'.</msg>
<status status="PASS" starttime="20220715 11:40:51.453" endtime="20220715 11:40:54.744"/>
</kw>
<kw name="Sleep" library="BuiltIn">
<arg>3</arg>
<doc>Pauses the test executed for the given time.</doc>
<msg timestamp="20220715 11:40:57.746" level="INFO">Slept 3 seconds</msg>
<status status="PASS" starttime="20220715 11:40:54.744" endtime="20220715 11:40:57.746"/>
</kw>
<kw name="ValidateFooterLinks">
<kw name="Split String" library="String">
<var>@{subfooterlinks}</var>
<arg>${footerLinks}</arg>
<arg>,</arg>
<doc>Splits the ``string`` using ``separator`` as a delimiter string.</doc>
<msg timestamp="20220715 11:40:57.748" level="INFO">@{subfooterlinks} = [ Home | Blog | Training | Partners | Community | Case Studies ]</msg>
<status status="PASS" starttime="20220715 11:40:57.748" endtime="20220715 11:40:57.748"/>
</kw>
<for flavor="IN">
<var>${element}</var>
<value>@{subfooterlinks}</value>
<iter>
<var name="${element}">Home</var>
<kw name="Log" library="BuiltIn">
<arg>${element}</arg>
<doc>Logs the given message with the given level.</doc>
<msg timestamp="20220715 11:40:57.750" level="INFO">Home</msg>
<status status="PASS" starttime="20220715 11:40:57.749" endtime="20220715 11:40:57.750"/>
</kw>
<kw name="Home Footer Xpath" library="pom">
<var>${runtimexpath}</var>
<arg>${element}</arg>
<msg timestamp="20220715 11:40:57.751" level="INFO">${runtimexpath} = //div[@class='footer__links']//a[text()='Home']</msg>
<status status="PASS" starttime="20220715 11:40:57.750" endtime="20220715 11:40:57.751"/>
</kw>
<kw name="Wait Until Page Contains Element" library="SeleniumLibrary">
<arg>${runtimexpath}</arg>
<doc>Waits until the element ``locator`` appears on the current page.</doc>
<status status="PASS" starttime="20220715 11:40:57.751" endtime="20220715 11:40:57.772"/>
</kw>
<status status="PASS" starttime="20220715 11:40:57.749" endtime="20220715 11:40:57.772"/>
</iter>
<iter>
<var name="${element}">Blog</var>
<kw name="Log" library="BuiltIn">
<arg>${element}</arg>
<doc>Logs the given message with the given level.</doc>
<msg timestamp="20220715 11:40:57.774" level="INFO">Blog</msg>
<status status="PASS" starttime="20220715 11:40:57.774" endtime="20220715 11:40:57.775"/>
</kw>
<kw name="Home Footer Xpath" library="pom">
<var>${runtimexpath}</var>
<arg>${element}</arg>
<msg timestamp="20220715 11:40:57.776" level="INFO">${runtimexpath} = //div[@class='footer__links']//a[text()='Blog']</msg>
<status status="PASS" starttime="20220715 11:40:57.775" endtime="20220715 11:40:57.776"/>
</kw>
<kw name="Wait Until Page Contains Element" library="SeleniumLibrary">
<arg>${runtimexpath}</arg>
<doc>Waits until the element ``locator`` appears on the current page.</doc>
<status status="PASS" starttime="20220715 11:40:57.776" endtime="20220715 11:40:57.793"/>
</kw>
<status status="PASS" starttime="20220715 11:40:57.773" endtime="20220715 11:40:57.793"/>
</iter>
<iter>
<var name="${element}">Training</var>
<kw name="Log" library="BuiltIn">
<arg>${element}</arg>
<doc>Logs the given message with the given level.</doc>
<msg timestamp="20220715 11:40:57.795" level="INFO">Training</msg>
<status status="PASS" starttime="20220715 11:40:57.795" endtime="20220715 11:40:57.795"/>
</kw>
<kw name="Home Footer Xpath" library="pom">
<var>${runtimexpath}</var>
<arg>${element}</arg>
<msg timestamp="20220715 11:40:57.797" level="INFO">${runtimexpath} = //div[@class='footer__links']//a[text()='Training']</msg>
<status status="PASS" starttime="20220715 11:40:57.796" endtime="20220715 11:40:57.797"/>
</kw>
<kw name="Wait Until Page Contains Element" library="SeleniumLibrary">
<arg>${runtimexpath}</arg>
<doc>Waits until the element ``locator`` appears on the current page.</doc>
<status status="PASS" starttime="20220715 11:40:57.797" endtime="20220715 11:40:57.815"/>
</kw>
<status status="PASS" starttime="20220715 11:40:57.793" endtime="20220715 11:40:57.815"/>
</iter>
<iter>
<var name="${element}">Partners</var>
<kw name="Log" library="BuiltIn">
<arg>${element}</arg>
<doc>Logs the given message with the given level.</doc>
<msg timestamp="20220715 11:40:57.816" level="INFO">Partners</msg>
<status status="PASS" starttime="20220715 11:40:57.816" endtime="20220715 11:40:57.816"/>
</kw>
<kw name="Home Footer Xpath" library="pom">
<var>${runtimexpath}</var>
<arg>${element}</arg>
<msg timestamp="20220715 11:40:57.817" level="INFO">${runtimexpath} = //div[@class='footer__links']//a[text()='Partners']</msg>
<status status="PASS" starttime="20220715 11:40:57.816" endtime="20220715 11:40:57.817"/>
</kw>
<kw name="Wait Until Page Contains Element" library="SeleniumLibrary">
<arg>${runtimexpath}</arg>
<doc>Waits until the element ``locator`` appears on the current page.</doc>
<status status="PASS" starttime="20220715 11:40:57.817" endtime="20220715 11:40:57.835"/>
</kw>
<status status="PASS" starttime="20220715 11:40:57.815" endtime="20220715 11:40:57.835"/>
</iter>
<iter>
<var name="${element}">Community</var>
<kw name="Log" library="BuiltIn">
<arg>${element}</arg>
<doc>Logs the given message with the given level.</doc>
<msg timestamp="20220715 11:40:57.836" level="INFO">Community</msg>
<status status="PASS" starttime="20220715 11:40:57.835" endtime="20220715 11:40:57.837"/>
</kw>
<kw name="Home Footer Xpath" library="pom">
<var>${runtimexpath}</var>
<arg>${element}</arg>
<msg timestamp="20220715 11:40:57.838" level="INFO">${runtimexpath} = //div[@class='footer__links']//a[text()='Community']</msg>
<status status="PASS" starttime="20220715 11:40:57.837" endtime="20220715 11:40:57.838"/>
</kw>
<kw name="Wait Until Page Contains Element" library="SeleniumLibrary">
<arg>${runtimexpath}</arg>
<doc>Waits until the element ``locator`` appears on the current page.</doc>
<status status="PASS" starttime="20220715 11:40:57.838" endtime="20220715 11:40:57.858"/>
</kw>
<status status="PASS" starttime="20220715 11:40:57.835" endtime="20220715 11:40:57.859"/>
</iter>
<iter>
<var name="${element}">Case Studies</var>
<kw name="Log" library="BuiltIn">
<arg>${element}</arg>
<doc>Logs the given message with the given level.</doc>
<msg timestamp="20220715 11:40:57.860" level="INFO">Case Studies</msg>
<status status="PASS" starttime="20220715 11:40:57.860" endtime="20220715 11:40:57.861"/>
</kw>
<kw name="Home Footer Xpath" library="pom">
<var>${runtimexpath}</var>
<arg>${element}</arg>
<msg timestamp="20220715 11:40:57.861" level="INFO">${runtimexpath} = //div[@class='footer__links']//a[text()='Case Studies']</msg>
<status status="PASS" starttime="20220715 11:40:57.861" endtime="20220715 11:40:57.862"/>
</kw>
<kw name="Wait Until Page Contains Element" library="SeleniumLibrary">
<arg>${runtimexpath}</arg>
<doc>Waits until the element ``locator`` appears on the current page.</doc>
<status status="PASS" starttime="20220715 11:40:57.862" endtime="20220715 11:40:57.877"/>
</kw>
<status status="PASS" starttime="20220715 11:40:57.859" endtime="20220715 11:40:57.877"/>
</iter>
<status status="PASS" starttime="20220715 11:40:57.749" endtime="20220715 11:40:57.878"/>
</for>
<status status="PASS" starttime="20220715 11:40:57.747" endtime="20220715 11:40:57.878"/>
</kw>
<kw name="Click Element" library="SeleniumLibrary">
<arg>${gitLink_xpath}</arg>
<doc>Click the element identified by ``locator``.</doc>
<msg timestamp="20220715 11:40:57.880" level="INFO">Clicking element '(((//ul[@class='list-inline mb-0'])[2])/li)[1]'.</msg>
<status status="PASS" starttime="20220715 11:40:57.879" endtime="20220715 11:40:58.393"/>
</kw>
<kw name="Sleep" library="BuiltIn">
<arg>3</arg>
<doc>Pauses the test executed for the given time.</doc>
<msg timestamp="20220715 11:41:01.395" level="INFO">Slept 3 seconds</msg>
<status status="PASS" starttime="20220715 11:40:58.394" endtime="20220715 11:41:01.396"/>
</kw>
<kw name="validateGitPage">
<kw name="Switch Window" library="SeleniumLibrary">
<arg>locator=NEW</arg>
<doc>Switches to browser window matching ``locator``.</doc>
<status status="PASS" starttime="20220715 11:41:01.398" endtime="20220715 11:41:01.413"/>
</kw>
<kw name="Get Location" library="SeleniumLibrary">
<var>${currentURL}</var>
<doc>Returns the current browser window URL.</doc>
<msg timestamp="20220715 11:41:01.487" level="INFO">${currentURL} = https://github.com/kubernetes/kubernetes</msg>
<status status="PASS" starttime="20220715 11:41:01.413" endtime="20220715 11:41:01.488"/>
</kw>
<kw name="Should Be True" library="BuiltIn">
<arg>"kubernetes" in """${currentURL}"""</arg>
<doc>Fails if the given condition is not true.</doc>
<status status="PASS" starttime="20220715 11:41:01.488" endtime="20220715 11:41:01.489"/>
</kw>
<kw name="Close Browser" library="SeleniumLibrary">
<doc>Closes the current browser.</doc>
<status status="PASS" starttime="20220715 11:41:01.489" endtime="20220715 11:41:01.845"/>
</kw>
<kw name="Sleep" library="BuiltIn">
<arg>3</arg>
<doc>Pauses the test executed for the given time.</doc>
<msg timestamp="20220715 11:41:04.846" level="INFO">Slept 3 seconds</msg>
<status status="PASS" starttime="20220715 11:41:01.845" endtime="20220715 11:41:04.847"/>
</kw>
<status status="PASS" starttime="20220715 11:41:01.397" endtime="20220715 11:41:04.847"/>
</kw>
<kw name="Close_My_Browser" type="TEARDOWN">
<kw name="Close All Browsers" library="SeleniumLibrary">
<doc>Closes all open browsers and resets the browser cache.</doc>
<status status="PASS" starttime="20220715 11:41:04.850" endtime="20220715 11:41:04.851"/>
</kw>
<status status="PASS" starttime="20220715 11:41:04.848" endtime="20220715 11:41:04.852"/>
</kw>
<status status="PASS" starttime="20220715 11:40:41.408" endtime="20220715 11:41:04.852"/>
</test>
<status status="PASS" starttime="20220715 11:40:40.790" endtime="20220715 11:41:04.857"/>
</suite>
<statistics>
<total>
<stat pass="1" fail="0" skip="0">All Tests</stat>
</total>
<tag>
</tag>
<suite>
<stat pass="1" fail="0" skip="0" id="s1" name="Htmlbyrobot">Htmlbyrobot</stat>
</suite>
</statistics>
<errors>
</errors>
</robot>
